<?xml version="1.0" encoding="UTF-8"?>
<testsuite xmlns:xsi="http://www.w3.org/2001/XMLSchema-instance" xsi:noNamespaceSchemaLocation="https://maven.apache.org/surefire/maven-surefire-plugin/xsd/surefire-test-report.xsd" name="com.heima.es.ApArticleTest" time="8.585" tests="1" errors="0" skipped="0" failures="0">
  <properties>
    <property name="sun.desktop" value="windows"/>
    <property name="awt.toolkit" value="sun.awt.windows.WToolkit"/>
    <property name="file.encoding.pkg" value="sun.io"/>
    <property name="java.specification.version" value="1.8"/>
    <property name="sun.cpu.isalist" value="amd64"/>
    <property name="sun.jnu.encoding" value="GBK"/>
    <property name="java.class.path" value="C:\Users\admin\IdeaProjects\heima-leadnews\heima-leadnews-test\es-init\target\test-classes;C:\Users\admin\IdeaProjects\heima-leadnews\heima-leadnews-test\es-init\target\classes;E:\important Path\apache-maven-3.6.1\mvn_repo\com\heima\heima-leadnews-common\1.0-SNAPSHOT\heima-leadnews-common-1.0-SNAPSHOT.jar;E:\important Path\apache-maven-3.6.1\mvn_repo\com\heima\heima-leadnews-utils\1.0-SNAPSHOT\heima-leadnews-utils-1.0-SNAPSHOT.jar;E:\important Path\apache-maven-3.6.1\mvn_repo\com\heima\heima-leadnews-model\1.0-SNAPSHOT\heima-leadnews-model-1.0-SNAPSHOT.jar;E:\important Path\apache-maven-3.6.1\mvn_repo\mysql\mysql-connector-java\5.1.46\mysql-connector-java-5.1.46.jar;E:\important Path\apache-maven-3.6.1\mvn_repo\org\mybatis\mybatis\3.5.1\mybatis-3.5.1.jar;E:\important Path\apache-maven-3.6.1\mvn_repo\com\baomidou\mybatis-plus-boot-starter\3.4.1\mybatis-plus-boot-starter-3.4.1.jar;E:\important Path\apache-maven-3.6.1\mvn_repo\com\baomidou\mybatis-plus\3.4.1\mybatis-plus-3.4.1.jar;E:\important Path\apache-maven-3.6.1\mvn_repo\com\baomidou\mybatis-plus-extension\3.4.1\mybatis-plus-extension-3.4.1.jar;E:\important Path\apache-maven-3.6.1\mvn_repo\com\baomidou\mybatis-plus-core\3.4.1\mybatis-plus-core-3.4.1.jar;E:\important Path\apache-maven-3.6.1\mvn_repo\com\baomidou\mybatis-plus-annotation\3.4.1\mybatis-plus-annotation-3.4.1.jar;E:\important Path\apache-maven-3.6.1\mvn_repo\com\github\jsqlparser\jsqlparser\3.2\jsqlparser-3.2.jar;E:\important Path\apache-maven-3.6.1\mvn_repo\org\mybatis\mybatis-spring\2.0.1\mybatis-spring-2.0.1.jar;E:\important Path\apache-maven-3.6.1\mvn_repo\org\springframework\boot\spring-boot-starter-jdbc\2.3.9.RELEASE\spring-boot-starter-jdbc-2.3.9.RELEASE.jar;E:\important Path\apache-maven-3.6.1\mvn_repo\com\zaxxer\HikariCP\3.4.5\HikariCP-3.4.5.jar;E:\important Path\apache-maven-3.6.1\mvn_repo\org\springframework\spring-jdbc\5.2.13.RELEASE\spring-jdbc-5.2.13.RELEASE.jar;E:\important Path\apache-maven-3.6.1\mvn_repo\com\alibaba\fastjson\1.2.58\fastjson-1.2.58.jar;E:\important Path\apache-maven-3.6.1\mvn_repo\io\jsonwebtoken\jjwt\0.9.1\jjwt-0.9.1.jar;E:\important Path\apache-maven-3.6.1\mvn_repo\com\hankcs\hanlp\portable-1.3.4\hanlp-portable-1.3.4.jar;E:\important Path\apache-maven-3.6.1\mvn_repo\commons-beanutils\commons-beanutils\1.9.3\commons-beanutils-1.9.3.jar;E:\important Path\apache-maven-3.6.1\mvn_repo\commons-logging\commons-logging\1.2\commons-logging-1.2.jar;E:\important Path\apache-maven-3.6.1\mvn_repo\commons-collections\commons-collections\3.2.2\commons-collections-3.2.2.jar;E:\important Path\apache-maven-3.6.1\mvn_repo\io\protostuff\protostuff-core\1.6.0\protostuff-core-1.6.0.jar;E:\important Path\apache-maven-3.6.1\mvn_repo\io\protostuff\protostuff-api\1.6.0\protostuff-api-1.6.0.jar;E:\important Path\apache-maven-3.6.1\mvn_repo\io\protostuff\protostuff-runtime\1.6.0\protostuff-runtime-1.6.0.jar;E:\important Path\apache-maven-3.6.1\mvn_repo\io\protostuff\protostuff-collectionschema\1.6.0\protostuff-collectionschema-1.6.0.jar;E:\important Path\apache-maven-3.6.1\mvn_repo\org\reflections\reflections\0.9.11\reflections-0.9.11.jar;E:\important Path\apache-maven-3.6.1\mvn_repo\com\google\guava\guava\29.0-jre\guava-29.0-jre.jar;E:\important Path\apache-maven-3.6.1\mvn_repo\com\google\guava\failureaccess\1.0.1\failureaccess-1.0.1.jar;E:\important Path\apache-maven-3.6.1\mvn_repo\com\google\guava\listenablefuture\9999.0-empty-to-avoid-conflict-with-guava\listenablefuture-9999.0-empty-to-avoid-conflict-with-guava.jar;E:\important Path\apache-maven-3.6.1\mvn_repo\com\google\code\findbugs\jsr305\3.0.2\jsr305-3.0.2.jar;E:\important Path\apache-maven-3.6.1\mvn_repo\org\checkerframework\checker-qual\2.11.1\checker-qual-2.11.1.jar;E:\important Path\apache-maven-3.6.1\mvn_repo\com\google\errorprone\error_prone_annotations\2.3.4\error_prone_annotations-2.3.4.jar;E:\important Path\apache-maven-3.6.1\mvn_repo\com\google\j2objc\j2objc-annotations\1.3\j2objc-annotations-1.3.jar;E:\important Path\apache-maven-3.6.1\mvn_repo\org\javassist\javassist\3.21.0-GA\javassist-3.21.0-GA.jar;E:\important Path\apache-maven-3.6.1\mvn_repo\org\springframework\boot\spring-boot-test\2.3.9.RELEASE\spring-boot-test-2.3.9.RELEASE.jar;E:\important Path\apache-maven-3.6.1\mvn_repo\org\springframework\boot\spring-boot\2.3.9.RELEASE\spring-boot-2.3.9.RELEASE.jar;E:\important Path\apache-maven-3.6.1\mvn_repo\org\springframework\boot\spring-boot-starter-actuator\2.3.9.RELEASE\spring-boot-starter-actuator-2.3.9.RELEASE.jar;E:\important Path\apache-maven-3.6.1\mvn_repo\org\springframework\boot\spring-boot-actuator-autoconfigure\2.3.9.RELEASE\spring-boot-actuator-autoconfigure-2.3.9.RELEASE.jar;E:\important Path\apache-maven-3.6.1\mvn_repo\org\springframework\boot\spring-boot-actuator\2.3.9.RELEASE\spring-boot-actuator-2.3.9.RELEASE.jar;E:\important Path\apache-maven-3.6.1\mvn_repo\com\fasterxml\jackson\datatype\jackson-datatype-jsr310\2.11.4\jackson-datatype-jsr310-2.11.4.jar;E:\important Path\apache-maven-3.6.1\mvn_repo\io\micrometer\micrometer-core\1.5.11\micrometer-core-1.5.11.jar;E:\important Path\apache-maven-3.6.1\mvn_repo\org\latencyutils\LatencyUtils\2.0.3\LatencyUtils-2.0.3.jar;E:\important Path\apache-maven-3.6.1\mvn_repo\org\springframework\boot\spring-boot-starter-web\2.3.9.RELEASE\spring-boot-starter-web-2.3.9.RELEASE.jar;E:\important Path\apache-maven-3.6.1\mvn_repo\org\springframework\boot\spring-boot-starter-json\2.3.9.RELEASE\spring-boot-starter-json-2.3.9.RELEASE.jar;E:\important Path\apache-maven-3.6.1\mvn_repo\com\fasterxml\jackson\datatype\jackson-datatype-jdk8\2.11.4\jackson-datatype-jdk8-2.11.4.jar;E:\important Path\apache-maven-3.6.1\mvn_repo\com\fasterxml\jackson\module\jackson-module-parameter-names\2.11.4\jackson-module-parameter-names-2.11.4.jar;E:\important Path\apache-maven-3.6.1\mvn_repo\org\springframework\boot\spring-boot-starter-tomcat\2.3.9.RELEASE\spring-boot-starter-tomcat-2.3.9.RELEASE.jar;E:\important Path\apache-maven-3.6.1\mvn_repo\org\apache\tomcat\embed\tomcat-embed-core\9.0.43\tomcat-embed-core-9.0.43.jar;E:\important Path\apache-maven-3.6.1\mvn_repo\org\glassfish\jakarta.el\3.0.3\jakarta.el-3.0.3.jar;E:\important Path\apache-maven-3.6.1\mvn_repo\org\apache\tomcat\embed\tomcat-embed-websocket\9.0.43\tomcat-embed-websocket-9.0.43.jar;E:\important Path\apache-maven-3.6.1\mvn_repo\org\springframework\spring-web\5.2.13.RELEASE\spring-web-5.2.13.RELEASE.jar;E:\important Path\apache-maven-3.6.1\mvn_repo\org\springframework\spring-beans\5.2.13.RELEASE\spring-beans-5.2.13.RELEASE.jar;E:\important Path\apache-maven-3.6.1\mvn_repo\org\springframework\spring-webmvc\5.2.13.RELEASE\spring-webmvc-5.2.13.RELEASE.jar;E:\important Path\apache-maven-3.6.1\mvn_repo\org\springframework\spring-aop\5.2.13.RELEASE\spring-aop-5.2.13.RELEASE.jar;E:\important Path\apache-maven-3.6.1\mvn_repo\org\springframework\spring-expression\5.2.13.RELEASE\spring-expression-5.2.13.RELEASE.jar;E:\important Path\apache-maven-3.6.1\mvn_repo\org\springframework\boot\spring-boot-starter-data-redis\2.3.9.RELEASE\spring-boot-starter-data-redis-2.3.9.RELEASE.jar;E:\important Path\apache-maven-3.6.1\mvn_repo\org\springframework\data\spring-data-redis\2.3.7.RELEASE\spring-data-redis-2.3.7.RELEASE.jar;E:\important Path\apache-maven-3.6.1\mvn_repo\org\springframework\data\spring-data-keyvalue\2.3.7.RELEASE\spring-data-keyvalue-2.3.7.RELEASE.jar;E:\important Path\apache-maven-3.6.1\mvn_repo\org\springframework\data\spring-data-commons\2.3.7.RELEASE\spring-data-commons-2.3.7.RELEASE.jar;E:\important Path\apache-maven-3.6.1\mvn_repo\org\springframework\spring-oxm\5.2.13.RELEASE\spring-oxm-5.2.13.RELEASE.jar;E:\important Path\apache-maven-3.6.1\mvn_repo\io\lettuce\lettuce-core\5.3.6.RELEASE\lettuce-core-5.3.6.RELEASE.jar;E:\important Path\apache-maven-3.6.1\mvn_repo\io\netty\netty-common\4.1.59.Final\netty-common-4.1.59.Final.jar;E:\important Path\apache-maven-3.6.1\mvn_repo\io\netty\netty-handler\4.1.59.Final\netty-handler-4.1.59.Final.jar;E:\important Path\apache-maven-3.6.1\mvn_repo\io\netty\netty-resolver\4.1.59.Final\netty-resolver-4.1.59.Final.jar;E:\important Path\apache-maven-3.6.1\mvn_repo\io\netty\netty-buffer\4.1.59.Final\netty-buffer-4.1.59.Final.jar;E:\important Path\apache-maven-3.6.1\mvn_repo\io\netty\netty-codec\4.1.59.Final\netty-codec-4.1.59.Final.jar;E:\important Path\apache-maven-3.6.1\mvn_repo\io\netty\netty-transport\4.1.59.Final\netty-transport-4.1.59.Final.jar;E:\important Path\apache-maven-3.6.1\mvn_repo\io\projectreactor\reactor-core\3.3.14.RELEASE\reactor-core-3.3.14.RELEASE.jar;E:\important Path\apache-maven-3.6.1\mvn_repo\org\reactivestreams\reactive-streams\1.0.3\reactive-streams-1.0.3.jar;E:\important Path\apache-maven-3.6.1\mvn_repo\org\apache\commons\commons-pool2\2.8.1\commons-pool2-2.8.1.jar;E:\important Path\apache-maven-3.6.1\mvn_repo\org\springframework\boot\spring-boot-starter-cache\2.3.9.RELEASE\spring-boot-starter-cache-2.3.9.RELEASE.jar;E:\important Path\apache-maven-3.6.1\mvn_repo\org\springframework\spring-context-support\5.2.13.RELEASE\spring-context-support-5.2.13.RELEASE.jar;E:\important Path\apache-maven-3.6.1\mvn_repo\org\apache\commons\commons-lang3\3.5\commons-lang3-3.5.jar;E:\important Path\apache-maven-3.6.1\mvn_repo\com\github\tobato\fastdfs-client\1.26.5\fastdfs-client-1.26.5.jar;E:\important Path\apache-maven-3.6.1\mvn_repo\org\slf4j\slf4j-api\1.7.30\slf4j-api-1.7.30.jar;E:\important Path\apache-maven-3.6.1\mvn_repo\org\slf4j\jcl-over-slf4j\1.7.30\jcl-over-slf4j-1.7.30.jar;E:\important Path\apache-maven-3.6.1\mvn_repo\ch\qos\logback\logback-classic\1.2.3\logback-classic-1.2.3.jar;E:\important Path\apache-maven-3.6.1\mvn_repo\ch\qos\logback\logback-core\1.2.3\logback-core-1.2.3.jar;E:\important Path\apache-maven-3.6.1\mvn_repo\commons-io\commons-io\2.6\commons-io-2.6.jar;E:\important Path\apache-maven-3.6.1\mvn_repo\org\hibernate\validator\hibernate-validator\6.1.7.Final\hibernate-validator-6.1.7.Final.jar;E:\important Path\apache-maven-3.6.1\mvn_repo\jakarta\validation\jakarta.validation-api\2.0.2\jakarta.validation-api-2.0.2.jar;E:\important Path\apache-maven-3.6.1\mvn_repo\org\jboss\logging\jboss-logging\3.4.1.Final\jboss-logging-3.4.1.Final.jar;E:\important Path\apache-maven-3.6.1\mvn_repo\org\springframework\boot\spring-boot-autoconfigure\2.3.9.RELEASE\spring-boot-autoconfigure-2.3.9.RELEASE.jar;E:\important Path\apache-maven-3.6.1\mvn_repo\org\springframework\spring-context\5.2.13.RELEASE\spring-context-5.2.13.RELEASE.jar;E:\important Path\apache-maven-3.6.1\mvn_repo\net\coobird\thumbnailator\0.4.8\thumbnailator-0.4.8.jar;E:\important Path\apache-maven-3.6.1\mvn_repo\org\springframework\kafka\spring-kafka\2.6.6\spring-kafka-2.6.6.jar;E:\important Path\apache-maven-3.6.1\mvn_repo\org\springframework\spring-messaging\5.2.13.RELEASE\spring-messaging-5.2.13.RELEASE.jar;E:\important Path\apache-maven-3.6.1\mvn_repo\org\springframework\spring-tx\5.2.13.RELEASE\spring-tx-5.2.13.RELEASE.jar;E:\important Path\apache-maven-3.6.1\mvn_repo\org\springframework\retry\spring-retry\1.2.5.RELEASE\spring-retry-1.2.5.RELEASE.jar;E:\important Path\apache-maven-3.6.1\mvn_repo\org\apache\kafka\kafka-clients\2.5.1\kafka-clients-2.5.1.jar;E:\important Path\apache-maven-3.6.1\mvn_repo\com\github\luben\zstd-jni\1.4.4-7\zstd-jni-1.4.4-7.jar;E:\important Path\apache-maven-3.6.1\mvn_repo\org\lz4\lz4-java\1.7.1\lz4-java-1.7.1.jar;E:\important Path\apache-maven-3.6.1\mvn_repo\org\xerial\snappy\snappy-java\1.1.7.3\snappy-java-1.1.7.3.jar;E:\important Path\apache-maven-3.6.1\mvn_repo\org\apache\kafka\kafka-streams\2.5.1\kafka-streams-2.5.1.jar;E:\important Path\apache-maven-3.6.1\mvn_repo\org\rocksdb\rocksdbjni\5.18.3\rocksdbjni-5.18.3.jar;E:\important Path\apache-maven-3.6.1\mvn_repo\com\aliyun\aliyun-java-sdk-core\4.1.1\aliyun-java-sdk-core-4.1.1.jar;E:\important Path\apache-maven-3.6.1\mvn_repo\com\google\code\gson\gson\2.8.6\gson-2.8.6.jar;E:\important Path\apache-maven-3.6.1\mvn_repo\javax\xml\bind\jaxb-api\2.3.1\jaxb-api-2.3.1.jar;E:\important Path\apache-maven-3.6.1\mvn_repo\javax\activation\javax.activation-api\1.2.0\javax.activation-api-1.2.0.jar;E:\important Path\apache-maven-3.6.1\mvn_repo\com\sun\xml\bind\jaxb-core\2.1.14\jaxb-core-2.1.14.jar;E:\important Path\apache-maven-3.6.1\mvn_repo\com\sun\xml\bind\jaxb-impl\2.1\jaxb-impl-2.1.jar;E:\important Path\apache-maven-3.6.1\mvn_repo\javax\activation\activation\1.1.1\activation-1.1.1.jar;E:\important Path\apache-maven-3.6.1\mvn_repo\com\aliyun\aliyun-java-sdk-green\3.4.1\aliyun-java-sdk-green-3.4.1.jar;E:\important Path\apache-maven-3.6.1\mvn_repo\com\aliyun\oss\aliyun-sdk-oss\2.8.3\aliyun-sdk-oss-2.8.3.jar;E:\important Path\apache-maven-3.6.1\mvn_repo\org\jdom\jdom\1.1\jdom-1.1.jar;E:\important Path\apache-maven-3.6.1\mvn_repo\com\aliyun\green20220302\1.0.3\green20220302-1.0.3.jar;E:\important Path\apache-maven-3.6.1\mvn_repo\com\aliyun\tea-util\0.2.16\tea-util-0.2.16.jar;E:\important Path\apache-maven-3.6.1\mvn_repo\com\aliyun\tea-openapi\0.2.8\tea-openapi-0.2.8.jar;E:\important Path\apache-maven-3.6.1\mvn_repo\com\aliyun\credentials-java\0.2.4\credentials-java-0.2.4.jar;E:\important Path\apache-maven-3.6.1\mvn_repo\org\ini4j\ini4j\0.5.4\ini4j-0.5.4.jar;E:\important Path\apache-maven-3.6.1\mvn_repo\com\aliyun\alibabacloud-gateway-spi\0.0.1\alibabacloud-gateway-spi-0.0.1.jar;E:\important Path\apache-maven-3.6.1\mvn_repo\com\aliyun\tea-xml\0.1.5\tea-xml-0.1.5.jar;E:\important Path\apache-maven-3.6.1\mvn_repo\org\dom4j\dom4j\2.0.3\dom4j-2.0.3.jar;E:\important Path\apache-maven-3.6.1\mvn_repo\org\jacoco\org.jacoco.agent\0.8.4\org.jacoco.agent-0.8.4-runtime.jar;E:\important Path\apache-maven-3.6.1\mvn_repo\com\aliyun\openapiutil\0.2.0\openapiutil-0.2.0.jar;E:\important Path\apache-maven-3.6.1\mvn_repo\org\bouncycastle\bcpkix-jdk15on\1.65\bcpkix-jdk15on-1.65.jar;E:\important Path\apache-maven-3.6.1\mvn_repo\org\bouncycastle\bcprov-jdk15on\1.65\bcprov-jdk15on-1.65.jar;E:\important Path\apache-maven-3.6.1\mvn_repo\com\aliyun\endpoint-util\0.0.7\endpoint-util-0.0.7.jar;E:\important Path\apache-maven-3.6.1\mvn_repo\com\aliyun\tea\1.2.0\tea-1.2.0.jar;E:\important Path\apache-maven-3.6.1\mvn_repo\com\squareup\okhttp3\okhttp\3.14.9\okhttp-3.14.9.jar;E:\important Path\apache-maven-3.6.1\mvn_repo\com\squareup\okio\okio\1.17.2\okio-1.17.2.jar;E:\important Path\apache-maven-3.6.1\mvn_repo\org\apache\hbase\hbase-client\2.1.5\hbase-client-2.1.5.jar;E:\important Path\apache-maven-3.6.1\mvn_repo\org\apache\hbase\thirdparty\hbase-shaded-protobuf\2.1.0\hbase-shaded-protobuf-2.1.0.jar;E:\important Path\apache-maven-3.6.1\mvn_repo\org\apache\hbase\hbase-common\2.1.5\hbase-common-2.1.5.jar;E:\important Path\apache-maven-3.6.1\mvn_repo\com\github\stephenc\findbugs\findbugs-annotations\1.3.9-1\findbugs-annotations-1.3.9-1.jar;E:\important Path\apache-maven-3.6.1\mvn_repo\org\apache\hbase\hbase-hadoop-compat\2.1.5\hbase-hadoop-compat-2.1.5.jar;E:\important Path\apache-maven-3.6.1\mvn_repo\org\apache\hbase\hbase-metrics-api\2.1.5\hbase-metrics-api-2.1.5.jar;E:\important Path\apache-maven-3.6.1\mvn_repo\org\apache\hbase\hbase-hadoop2-compat\2.1.5\hbase-hadoop2-compat-2.1.5.jar;E:\important Path\apache-maven-3.6.1\mvn_repo\org\apache\hbase\hbase-metrics\2.1.5\hbase-metrics-2.1.5.jar;E:\important Path\apache-maven-3.6.1\mvn_repo\org\apache\hbase\hbase-protocol-shaded\2.1.5\hbase-protocol-shaded-2.1.5.jar;E:\important Path\apache-maven-3.6.1\mvn_repo\org\apache\hbase\hbase-protocol\2.1.5\hbase-protocol-2.1.5.jar;E:\important Path\apache-maven-3.6.1\mvn_repo\org\apache\hbase\thirdparty\hbase-shaded-miscellaneous\2.1.0\hbase-shaded-miscellaneous-2.1.0.jar;E:\important Path\apache-maven-3.6.1\mvn_repo\com\google\protobuf\protobuf-java\3.12.2\protobuf-java-3.12.2.jar;E:\important Path\apache-maven-3.6.1\mvn_repo\org\apache\hbase\thirdparty\hbase-shaded-netty\2.1.0\hbase-shaded-netty-2.1.0.jar;E:\important Path\apache-maven-3.6.1\mvn_repo\org\apache\zookeeper\zookeeper\3.4.10\zookeeper-3.4.10.jar;E:\important Path\apache-maven-3.6.1\mvn_repo\org\apache\htrace\htrace-core4\4.2.0-incubating\htrace-core4-4.2.0-incubating.jar;E:\important Path\apache-maven-3.6.1\mvn_repo\org\jruby\jcodings\jcodings\1.0.18\jcodings-1.0.18.jar;E:\important Path\apache-maven-3.6.1\mvn_repo\org\jruby\joni\joni\2.1.11\joni-2.1.11.jar;E:\important Path\apache-maven-3.6.1\mvn_repo\io\dropwizard\metrics\metrics-core\4.1.17\metrics-core-4.1.17.jar;E:\important Path\apache-maven-3.6.1\mvn_repo\org\apache\commons\commons-crypto\1.0.0\commons-crypto-1.0.0.jar;E:\important Path\apache-maven-3.6.1\mvn_repo\com\fasterxml\jackson\core\jackson-databind\2.11.4\jackson-databind-2.11.4.jar;E:\important Path\apache-maven-3.6.1\mvn_repo\org\apache\hadoop\hadoop-auth\2.7.7\hadoop-auth-2.7.7.jar;E:\important Path\apache-maven-3.6.1\mvn_repo\org\apache\directory\server\apacheds-kerberos-codec\2.0.0-M15\apacheds-kerberos-codec-2.0.0-M15.jar;E:\important Path\apache-maven-3.6.1\mvn_repo\org\apache\directory\server\apacheds-i18n\2.0.0-M15\apacheds-i18n-2.0.0-M15.jar;E:\important Path\apache-maven-3.6.1\mvn_repo\org\apache\directory\api\api-asn1-api\1.0.0-M20\api-asn1-api-1.0.0-M20.jar;E:\important Path\apache-maven-3.6.1\mvn_repo\org\apache\directory\api\api-util\1.0.0-M20\api-util-1.0.0-M20.jar;E:\important Path\apache-maven-3.6.1\mvn_repo\org\apache\curator\curator-framework\4.2.0\curator-framework-4.2.0.jar;E:\important Path\apache-maven-3.6.1\mvn_repo\org\apache\hadoop\hadoop-common\2.7.7\hadoop-common-2.7.7.jar;E:\important Path\apache-maven-3.6.1\mvn_repo\org\apache\hadoop\hadoop-annotations\2.7.7\hadoop-annotations-2.7.7.jar;C:\Users\admin\.jdks\corretto-1.8.0_372\jre\..\lib\tools.jar;E:\important Path\apache-maven-3.6.1\mvn_repo\commons-cli\commons-cli\1.2\commons-cli-1.2.jar;E:\important Path\apache-maven-3.6.1\mvn_repo\org\apache\commons\commons-math3\3.1.1\commons-math3-3.1.1.jar;E:\important Path\apache-maven-3.6.1\mvn_repo\xmlenc\xmlenc\0.52\xmlenc-0.52.jar;E:\important Path\apache-maven-3.6.1\mvn_repo\commons-httpclient\commons-httpclient\3.1\commons-httpclient-3.1.jar;E:\important Path\apache-maven-3.6.1\mvn_repo\commons-net\commons-net\3.1\commons-net-3.1.jar;E:\important Path\apache-maven-3.6.1\mvn_repo\org\mortbay\jetty\jetty-sslengine\6.1.26\jetty-sslengine-6.1.26.jar;E:\important Path\apache-maven-3.6.1\mvn_repo\commons-lang\commons-lang\2.6\commons-lang-2.6.jar;E:\important Path\apache-maven-3.6.1\mvn_repo\commons-configuration\commons-configuration\1.6\commons-configuration-1.6.jar;E:\important Path\apache-maven-3.6.1\mvn_repo\commons-digester\commons-digester\1.8\commons-digester-1.8.jar;E:\important Path\apache-maven-3.6.1\mvn_repo\commons-beanutils\commons-beanutils-core\1.8.0\commons-beanutils-core-1.8.0.jar;E:\important Path\apache-maven-3.6.1\mvn_repo\org\codehaus\jackson\jackson-core-asl\1.9.13\jackson-core-asl-1.9.13.jar;E:\important Path\apache-maven-3.6.1\mvn_repo\org\codehaus\jackson\jackson-mapper-asl\1.9.13\jackson-mapper-asl-1.9.13.jar;E:\important Path\apache-maven-3.6.1\mvn_repo\org\apache\avro\avro\1.7.4\avro-1.7.4.jar;E:\important Path\apache-maven-3.6.1\mvn_repo\com\thoughtworks\paranamer\paranamer\2.3\paranamer-2.3.jar;E:\important Path\apache-maven-3.6.1\mvn_repo\com\jcraft\jsch\0.1.54\jsch-0.1.54.jar;E:\important Path\apache-maven-3.6.1\mvn_repo\org\apache\curator\curator-client\2.7.1\curator-client-2.7.1.jar;E:\important Path\apache-maven-3.6.1\mvn_repo\org\apache\curator\curator-recipes\4.2.0\curator-recipes-4.2.0.jar;E:\important Path\apache-maven-3.6.1\mvn_repo\org\apache\htrace\htrace-core\3.1.0-incubating\htrace-core-3.1.0-incubating.jar;E:\important Path\apache-maven-3.6.1\mvn_repo\org\apache\commons\commons-compress\1.4.1\commons-compress-1.4.1.jar;E:\important Path\apache-maven-3.6.1\mvn_repo\org\tukaani\xz\1.0\xz-1.0.jar;E:\important Path\apache-maven-3.6.1\mvn_repo\org\apache\yetus\audience-annotations\0.5.0\audience-annotations-0.5.0.jar;E:\important Path\apache-maven-3.6.1\mvn_repo\junit\junit\4.12\junit-4.12.jar;E:\important Path\apache-maven-3.6.1\mvn_repo\org\hamcrest\hamcrest-core\2.2\hamcrest-core-2.2.jar;E:\important Path\apache-maven-3.6.1\mvn_repo\joda-time\joda-time\2.10.5\joda-time-2.10.5.jar;E:\important Path\apache-maven-3.6.1\mvn_repo\io\springfox\springfox-swagger2\2.9.2\springfox-swagger2-2.9.2.jar;E:\important Path\apache-maven-3.6.1\mvn_repo\io\swagger\swagger-annotations\1.5.20\swagger-annotations-1.5.20.jar;E:\important Path\apache-maven-3.6.1\mvn_repo\io\swagger\swagger-models\1.5.20\swagger-models-1.5.20.jar;E:\important Path\apache-maven-3.6.1\mvn_repo\com\fasterxml\jackson\core\jackson-annotations\2.11.4\jackson-annotations-2.11.4.jar;E:\important Path\apache-maven-3.6.1\mvn_repo\io\springfox\springfox-spi\2.9.2\springfox-spi-2.9.2.jar;E:\important Path\apache-maven-3.6.1\mvn_repo\io\springfox\springfox-core\2.9.2\springfox-core-2.9.2.jar;E:\important Path\apache-maven-3.6.1\mvn_repo\io\springfox\springfox-schema\2.9.2\springfox-schema-2.9.2.jar;E:\important Path\apache-maven-3.6.1\mvn_repo\io\springfox\springfox-swagger-common\2.9.2\springfox-swagger-common-2.9.2.jar;E:\important Path\apache-maven-3.6.1\mvn_repo\io\springfox\springfox-spring-web\2.9.2\springfox-spring-web-2.9.2.jar;E:\important Path\apache-maven-3.6.1\mvn_repo\com\fasterxml\classmate\1.5.1\classmate-1.5.1.jar;E:\important Path\apache-maven-3.6.1\mvn_repo\org\springframework\plugin\spring-plugin-core\1.2.0.RELEASE\spring-plugin-core-1.2.0.RELEASE.jar;E:\important Path\apache-maven-3.6.1\mvn_repo\org\springframework\plugin\spring-plugin-metadata\1.2.0.RELEASE\spring-plugin-metadata-1.2.0.RELEASE.jar;E:\important Path\apache-maven-3.6.1\mvn_repo\org\mapstruct\mapstruct\1.2.0.Final\mapstruct-1.2.0.Final.jar;E:\important Path\apache-maven-3.6.1\mvn_repo\io\springfox\springfox-swagger-ui\2.9.2\springfox-swagger-ui-2.9.2.jar;E:\important Path\apache-maven-3.6.1\mvn_repo\com\github\xiaoymin\knife4j-spring-boot-starter\2.0.2\knife4j-spring-boot-starter-2.0.2.jar;E:\important Path\apache-maven-3.6.1\mvn_repo\com\github\xiaoymin\knife4j-spring-boot-autoconfigure\2.0.2\knife4j-spring-boot-autoconfigure-2.0.2.jar;E:\important Path\apache-maven-3.6.1\mvn_repo\com\github\xiaoymin\knife4j-spring\2.0.2\knife4j-spring-2.0.2.jar;E:\important Path\apache-maven-3.6.1\mvn_repo\com\github\xiaoymin\knife4j-annotations\2.0.2\knife4j-annotations-2.0.2.jar;E:\important Path\apache-maven-3.6.1\mvn_repo\com\github\xiaoymin\knife4j-core\2.0.2\knife4j-core-2.0.2.jar;E:\important Path\apache-maven-3.6.1\mvn_repo\io\springfox\springfox-bean-validators\2.9.2\springfox-bean-validators-2.9.2.jar;E:\important Path\apache-maven-3.6.1\mvn_repo\com\github\xiaoymin\knife4j-spring-ui\2.0.2\knife4j-spring-ui-2.0.2.jar;E:\important Path\apache-maven-3.6.1\mvn_repo\org\springframework\boot\spring-boot-starter-test\2.3.9.RELEASE\spring-boot-starter-test-2.3.9.RELEASE.jar;E:\important Path\apache-maven-3.6.1\mvn_repo\org\springframework\boot\spring-boot-starter\2.3.9.RELEASE\spring-boot-starter-2.3.9.RELEASE.jar;E:\important Path\apache-maven-3.6.1\mvn_repo\jakarta\annotation\jakarta.annotation-api\1.3.5\jakarta.annotation-api-1.3.5.jar;E:\important Path\apache-maven-3.6.1\mvn_repo\org\yaml\snakeyaml\1.26\snakeyaml-1.26.jar;E:\important Path\apache-maven-3.6.1\mvn_repo\org\springframework\boot\spring-boot-test-autoconfigure\2.3.9.RELEASE\spring-boot-test-autoconfigure-2.3.9.RELEASE.jar;E:\important Path\apache-maven-3.6.1\mvn_repo\com\jayway\jsonpath\json-path\2.4.0\json-path-2.4.0.jar;E:\important Path\apache-maven-3.6.1\mvn_repo\net\minidev\json-smart\2.3\json-smart-2.3.jar;E:\important Path\apache-maven-3.6.1\mvn_repo\net\minidev\accessors-smart\1.2\accessors-smart-1.2.jar;E:\important Path\apache-maven-3.6.1\mvn_repo\org\ow2\asm\asm\5.0.4\asm-5.0.4.jar;E:\important Path\apache-maven-3.6.1\mvn_repo\jakarta\xml\bind\jakarta.xml.bind-api\2.3.3\jakarta.xml.bind-api-2.3.3.jar;E:\important Path\apache-maven-3.6.1\mvn_repo\jakarta\activation\jakarta.activation-api\1.2.2\jakarta.activation-api-1.2.2.jar;E:\important Path\apache-maven-3.6.1\mvn_repo\org\assertj\assertj-core\3.16.1\assertj-core-3.16.1.jar;E:\important Path\apache-maven-3.6.1\mvn_repo\org\hamcrest\hamcrest\2.2\hamcrest-2.2.jar;E:\important Path\apache-maven-3.6.1\mvn_repo\org\junit\jupiter\junit-jupiter\5.6.3\junit-jupiter-5.6.3.jar;E:\important Path\apache-maven-3.6.1\mvn_repo\org\junit\jupiter\junit-jupiter-api\5.6.3\junit-jupiter-api-5.6.3.jar;E:\important Path\apache-maven-3.6.1\mvn_repo\org\opentest4j\opentest4j\1.2.0\opentest4j-1.2.0.jar;E:\important Path\apache-maven-3.6.1\mvn_repo\org\junit\platform\junit-platform-commons\1.6.3\junit-platform-commons-1.6.3.jar;E:\important Path\apache-maven-3.6.1\mvn_repo\org\junit\jupiter\junit-jupiter-params\5.6.3\junit-jupiter-params-5.6.3.jar;E:\important Path\apache-maven-3.6.1\mvn_repo\org\junit\jupiter\junit-jupiter-engine\5.6.3\junit-jupiter-engine-5.6.3.jar;E:\important Path\apache-maven-3.6.1\mvn_repo\org\junit\vintage\junit-vintage-engine\5.6.3\junit-vintage-engine-5.6.3.jar;E:\important Path\apache-maven-3.6.1\mvn_repo\org\apiguardian\apiguardian-api\1.1.0\apiguardian-api-1.1.0.jar;E:\important Path\apache-maven-3.6.1\mvn_repo\org\junit\platform\junit-platform-engine\1.6.3\junit-platform-engine-1.6.3.jar;E:\important Path\apache-maven-3.6.1\mvn_repo\org\mockito\mockito-core\3.3.3\mockito-core-3.3.3.jar;E:\important Path\apache-maven-3.6.1\mvn_repo\net\bytebuddy\byte-buddy\1.10.20\byte-buddy-1.10.20.jar;E:\important Path\apache-maven-3.6.1\mvn_repo\net\bytebuddy\byte-buddy-agent\1.10.20\byte-buddy-agent-1.10.20.jar;E:\important Path\apache-maven-3.6.1\mvn_repo\org\objenesis\objenesis\2.6\objenesis-2.6.jar;E:\important Path\apache-maven-3.6.1\mvn_repo\org\mockito\mockito-junit-jupiter\3.3.3\mockito-junit-jupiter-3.3.3.jar;E:\important Path\apache-maven-3.6.1\mvn_repo\org\skyscreamer\jsonassert\1.5.0\jsonassert-1.5.0.jar;E:\important Path\apache-maven-3.6.1\mvn_repo\com\vaadin\external\google\android-json\0.0.20131108.vaadin1\android-json-0.0.20131108.vaadin1.jar;E:\important Path\apache-maven-3.6.1\mvn_repo\org\springframework\spring-core\5.2.13.RELEASE\spring-core-5.2.13.RELEASE.jar;E:\important Path\apache-maven-3.6.1\mvn_repo\org\springframework\spring-jcl\5.2.13.RELEASE\spring-jcl-5.2.13.RELEASE.jar;E:\important Path\apache-maven-3.6.1\mvn_repo\org\springframework\spring-test\5.2.13.RELEASE\spring-test-5.2.13.RELEASE.jar;E:\important Path\apache-maven-3.6.1\mvn_repo\org\xmlunit\xmlunit-core\2.7.0\xmlunit-core-2.7.0.jar;E:\important Path\apache-maven-3.6.1\mvn_repo\org\elasticsearch\client\elasticsearch-rest-high-level-client\7.4.0\elasticsearch-rest-high-level-client-7.4.0.jar;E:\important Path\apache-maven-3.6.1\mvn_repo\org\elasticsearch\plugin\mapper-extras\7.4.0\mapper-extras-7.4.0.jar;E:\important Path\apache-maven-3.6.1\mvn_repo\org\elasticsearch\plugin\parent-join-client\7.4.0\parent-join-client-7.4.0.jar;E:\important Path\apache-maven-3.6.1\mvn_repo\org\elasticsearch\plugin\aggs-matrix-stats-client\7.4.0\aggs-matrix-stats-client-7.4.0.jar;E:\important Path\apache-maven-3.6.1\mvn_repo\org\elasticsearch\plugin\rank-eval-client\7.4.0\rank-eval-client-7.4.0.jar;E:\important Path\apache-maven-3.6.1\mvn_repo\org\elasticsearch\plugin\lang-mustache-client\7.4.0\lang-mustache-client-7.4.0.jar;E:\important Path\apache-maven-3.6.1\mvn_repo\com\github\spullara\mustache\java\compiler\0.9.3\compiler-0.9.3.jar;E:\important Path\apache-maven-3.6.1\mvn_repo\org\elasticsearch\client\elasticsearch-rest-client\7.4.0\elasticsearch-rest-client-7.4.0.jar;E:\important Path\apache-maven-3.6.1\mvn_repo\org\apache\httpcomponents\httpclient\4.5.13\httpclient-4.5.13.jar;E:\important Path\apache-maven-3.6.1\mvn_repo\org\apache\httpcomponents\httpcore\4.4.14\httpcore-4.4.14.jar;E:\important Path\apache-maven-3.6.1\mvn_repo\org\apache\httpcomponents\httpasyncclient\4.1.4\httpasyncclient-4.1.4.jar;E:\important Path\apache-maven-3.6.1\mvn_repo\org\apache\httpcomponents\httpcore-nio\4.4.14\httpcore-nio-4.4.14.jar;E:\important Path\apache-maven-3.6.1\mvn_repo\commons-codec\commons-codec\1.12\commons-codec-1.12.jar;E:\important Path\apache-maven-3.6.1\mvn_repo\org\elasticsearch\elasticsearch\7.4.0\elasticsearch-7.4.0.jar;E:\important Path\apache-maven-3.6.1\mvn_repo\org\elasticsearch\elasticsearch-core\7.4.0\elasticsearch-core-7.4.0.jar;E:\important Path\apache-maven-3.6.1\mvn_repo\org\elasticsearch\elasticsearch-secure-sm\7.4.0\elasticsearch-secure-sm-7.4.0.jar;E:\important Path\apache-maven-3.6.1\mvn_repo\org\elasticsearch\elasticsearch-x-content\7.4.0\elasticsearch-x-content-7.4.0.jar;E:\important Path\apache-maven-3.6.1\mvn_repo\com\fasterxml\jackson\core\jackson-core\2.11.4\jackson-core-2.11.4.jar;E:\important Path\apache-maven-3.6.1\mvn_repo\com\fasterxml\jackson\dataformat\jackson-dataformat-smile\2.11.4\jackson-dataformat-smile-2.11.4.jar;E:\important Path\apache-maven-3.6.1\mvn_repo\com\fasterxml\jackson\dataformat\jackson-dataformat-yaml\2.11.4\jackson-dataformat-yaml-2.11.4.jar;E:\important Path\apache-maven-3.6.1\mvn_repo\com\fasterxml\jackson\dataformat\jackson-dataformat-cbor\2.9.9\jackson-dataformat-cbor-2.9.9.jar;E:\important Path\apache-maven-3.6.1\mvn_repo\org\elasticsearch\elasticsearch-geo\7.4.0\elasticsearch-geo-7.4.0.jar;E:\important Path\apache-maven-3.6.1\mvn_repo\org\apache\lucene\lucene-core\8.2.0\lucene-core-8.2.0.jar;E:\important Path\apache-maven-3.6.1\mvn_repo\org\apache\lucene\lucene-analyzers-common\8.2.0\lucene-analyzers-common-8.2.0.jar;E:\important Path\apache-maven-3.6.1\mvn_repo\org\apache\lucene\lucene-backward-codecs\8.2.0\lucene-backward-codecs-8.2.0.jar;E:\important Path\apache-maven-3.6.1\mvn_repo\org\apache\lucene\lucene-grouping\8.2.0\lucene-grouping-8.2.0.jar;E:\important Path\apache-maven-3.6.1\mvn_repo\org\apache\lucene\lucene-highlighter\8.2.0\lucene-highlighter-8.2.0.jar;E:\important Path\apache-maven-3.6.1\mvn_repo\org\apache\lucene\lucene-join\8.2.0\lucene-join-8.2.0.jar;E:\important Path\apache-maven-3.6.1\mvn_repo\org\apache\lucene\lucene-memory\8.2.0\lucene-memory-8.2.0.jar;E:\important Path\apache-maven-3.6.1\mvn_repo\org\apache\lucene\lucene-misc\8.2.0\lucene-misc-8.2.0.jar;E:\important Path\apache-maven-3.6.1\mvn_repo\org\apache\lucene\lucene-queries\8.2.0\lucene-queries-8.2.0.jar;E:\important Path\apache-maven-3.6.1\mvn_repo\org\apache\lucene\lucene-queryparser\8.2.0\lucene-queryparser-8.2.0.jar;E:\important Path\apache-maven-3.6.1\mvn_repo\org\apache\lucene\lucene-sandbox\8.2.0\lucene-sandbox-8.2.0.jar;E:\important Path\apache-maven-3.6.1\mvn_repo\org\apache\lucene\lucene-spatial\8.2.0\lucene-spatial-8.2.0.jar;E:\important Path\apache-maven-3.6.1\mvn_repo\org\apache\lucene\lucene-spatial-extras\8.2.0\lucene-spatial-extras-8.2.0.jar;E:\important Path\apache-maven-3.6.1\mvn_repo\org\apache\lucene\lucene-spatial3d\8.2.0\lucene-spatial3d-8.2.0.jar;E:\important Path\apache-maven-3.6.1\mvn_repo\org\apache\lucene\lucene-suggest\8.2.0\lucene-suggest-8.2.0.jar;E:\important Path\apache-maven-3.6.1\mvn_repo\org\elasticsearch\elasticsearch-cli\7.4.0\elasticsearch-cli-7.4.0.jar;E:\important Path\apache-maven-3.6.1\mvn_repo\net\sf\jopt-simple\jopt-simple\5.0.2\jopt-simple-5.0.2.jar;E:\important Path\apache-maven-3.6.1\mvn_repo\com\carrotsearch\hppc\0.8.1\hppc-0.8.1.jar;E:\important Path\apache-maven-3.6.1\mvn_repo\com\tdunning\t-digest\3.2\t-digest-3.2.jar;E:\important Path\apache-maven-3.6.1\mvn_repo\org\hdrhistogram\HdrHistogram\2.1.9\HdrHistogram-2.1.9.jar;E:\important Path\apache-maven-3.6.1\mvn_repo\org\apache\logging\log4j\log4j-api\2.13.3\log4j-api-2.13.3.jar;E:\important Path\apache-maven-3.6.1\mvn_repo\org\elasticsearch\jna\4.5.1\jna-4.5.1.jar;E:\important Path\apache-maven-3.6.1\mvn_repo\org\jsoup\jsoup\1.13.1\jsoup-1.13.1.jar;E:\important Path\apache-maven-3.6.1\mvn_repo\org\springframework\boot\spring-boot-starter-log4j2\2.3.9.RELEASE\spring-boot-starter-log4j2-2.3.9.RELEASE.jar;E:\important Path\apache-maven-3.6.1\mvn_repo\org\apache\logging\log4j\log4j-slf4j-impl\2.13.3\log4j-slf4j-impl-2.13.3.jar;E:\important Path\apache-maven-3.6.1\mvn_repo\org\apache\logging\log4j\log4j-core\2.13.3\log4j-core-2.13.3.jar;E:\important Path\apache-maven-3.6.1\mvn_repo\org\apache\logging\log4j\log4j-jul\2.13.3\log4j-jul-2.13.3.jar;E:\important Path\apache-maven-3.6.1\mvn_repo\org\slf4j\jul-to-slf4j\1.7.30\jul-to-slf4j-1.7.30.jar;E:\important Path\apache-maven-3.6.1\mvn_repo\org\projectlombok\lombok\1.18.8\lombok-1.18.8.jar;"/>
    <property name="java.vm.vendor" value="Amazon.com Inc."/>
    <property name="sun.arch.data.model" value="64"/>
    <property name="user.variant" value=""/>
    <property name="java.vendor.url" value="https://aws.amazon.com/corretto/"/>
    <property name="user.timezone" value="Asia/Shanghai"/>
    <property name="java.vm.specification.version" value="1.8"/>
    <property name="os.name" value="Windows 10"/>
    <property name="user.country" value="CN"/>
    <property name="sun.java.launcher" value="SUN_STANDARD"/>
    <property name="sun.boot.library.path" value="C:\Users\admin\.jdks\corretto-1.8.0_372\jre\bin"/>
    <property name="sun.java.command" value="C:\Users\admin\AppData\Local\Temp\surefire6379455082393828995\surefirebooter8609638630778008704.jar C:\Users\admin\AppData\Local\Temp\surefire6379455082393828995 2024-02-18T20-20-14_552-jvmRun1 surefire5723522497503744846tmp surefire_06193293300242300718tmp"/>
    <property name="surefire.test.class.path" value="C:\Users\admin\IdeaProjects\heima-leadnews\heima-leadnews-test\es-init\target\test-classes;C:\Users\admin\IdeaProjects\heima-leadnews\heima-leadnews-test\es-init\target\classes;E:\important Path\apache-maven-3.6.1\mvn_repo\com\heima\heima-leadnews-common\1.0-SNAPSHOT\heima-leadnews-common-1.0-SNAPSHOT.jar;E:\important Path\apache-maven-3.6.1\mvn_repo\com\heima\heima-leadnews-utils\1.0-SNAPSHOT\heima-leadnews-utils-1.0-SNAPSHOT.jar;E:\important Path\apache-maven-3.6.1\mvn_repo\com\heima\heima-leadnews-model\1.0-SNAPSHOT\heima-leadnews-model-1.0-SNAPSHOT.jar;E:\important Path\apache-maven-3.6.1\mvn_repo\mysql\mysql-connector-java\5.1.46\mysql-connector-java-5.1.46.jar;E:\important Path\apache-maven-3.6.1\mvn_repo\org\mybatis\mybatis\3.5.1\mybatis-3.5.1.jar;E:\important Path\apache-maven-3.6.1\mvn_repo\com\baomidou\mybatis-plus-boot-starter\3.4.1\mybatis-plus-boot-starter-3.4.1.jar;E:\important Path\apache-maven-3.6.1\mvn_repo\com\baomidou\mybatis-plus\3.4.1\mybatis-plus-3.4.1.jar;E:\important Path\apache-maven-3.6.1\mvn_repo\com\baomidou\mybatis-plus-extension\3.4.1\mybatis-plus-extension-3.4.1.jar;E:\important Path\apache-maven-3.6.1\mvn_repo\com\baomidou\mybatis-plus-core\3.4.1\mybatis-plus-core-3.4.1.jar;E:\important Path\apache-maven-3.6.1\mvn_repo\com\baomidou\mybatis-plus-annotation\3.4.1\mybatis-plus-annotation-3.4.1.jar;E:\important Path\apache-maven-3.6.1\mvn_repo\com\github\jsqlparser\jsqlparser\3.2\jsqlparser-3.2.jar;E:\important Path\apache-maven-3.6.1\mvn_repo\org\mybatis\mybatis-spring\2.0.1\mybatis-spring-2.0.1.jar;E:\important Path\apache-maven-3.6.1\mvn_repo\org\springframework\boot\spring-boot-starter-jdbc\2.3.9.RELEASE\spring-boot-starter-jdbc-2.3.9.RELEASE.jar;E:\important Path\apache-maven-3.6.1\mvn_repo\com\zaxxer\HikariCP\3.4.5\HikariCP-3.4.5.jar;E:\important Path\apache-maven-3.6.1\mvn_repo\org\springframework\spring-jdbc\5.2.13.RELEASE\spring-jdbc-5.2.13.RELEASE.jar;E:\important Path\apache-maven-3.6.1\mvn_repo\com\alibaba\fastjson\1.2.58\fastjson-1.2.58.jar;E:\important Path\apache-maven-3.6.1\mvn_repo\io\jsonwebtoken\jjwt\0.9.1\jjwt-0.9.1.jar;E:\important Path\apache-maven-3.6.1\mvn_repo\com\hankcs\hanlp\portable-1.3.4\hanlp-portable-1.3.4.jar;E:\important Path\apache-maven-3.6.1\mvn_repo\commons-beanutils\commons-beanutils\1.9.3\commons-beanutils-1.9.3.jar;E:\important Path\apache-maven-3.6.1\mvn_repo\commons-logging\commons-logging\1.2\commons-logging-1.2.jar;E:\important Path\apache-maven-3.6.1\mvn_repo\commons-collections\commons-collections\3.2.2\commons-collections-3.2.2.jar;E:\important Path\apache-maven-3.6.1\mvn_repo\io\protostuff\protostuff-core\1.6.0\protostuff-core-1.6.0.jar;E:\important Path\apache-maven-3.6.1\mvn_repo\io\protostuff\protostuff-api\1.6.0\protostuff-api-1.6.0.jar;E:\important Path\apache-maven-3.6.1\mvn_repo\io\protostuff\protostuff-runtime\1.6.0\protostuff-runtime-1.6.0.jar;E:\important Path\apache-maven-3.6.1\mvn_repo\io\protostuff\protostuff-collectionschema\1.6.0\protostuff-collectionschema-1.6.0.jar;E:\important Path\apache-maven-3.6.1\mvn_repo\org\reflections\reflections\0.9.11\reflections-0.9.11.jar;E:\important Path\apache-maven-3.6.1\mvn_repo\com\google\guava\guava\29.0-jre\guava-29.0-jre.jar;E:\important Path\apache-maven-3.6.1\mvn_repo\com\google\guava\failureaccess\1.0.1\failureaccess-1.0.1.jar;E:\important Path\apache-maven-3.6.1\mvn_repo\com\google\guava\listenablefuture\9999.0-empty-to-avoid-conflict-with-guava\listenablefuture-9999.0-empty-to-avoid-conflict-with-guava.jar;E:\important Path\apache-maven-3.6.1\mvn_repo\com\google\code\findbugs\jsr305\3.0.2\jsr305-3.0.2.jar;E:\important Path\apache-maven-3.6.1\mvn_repo\org\checkerframework\checker-qual\2.11.1\checker-qual-2.11.1.jar;E:\important Path\apache-maven-3.6.1\mvn_repo\com\google\errorprone\error_prone_annotations\2.3.4\error_prone_annotations-2.3.4.jar;E:\important Path\apache-maven-3.6.1\mvn_repo\com\google\j2objc\j2objc-annotations\1.3\j2objc-annotations-1.3.jar;E:\important Path\apache-maven-3.6.1\mvn_repo\org\javassist\javassist\3.21.0-GA\javassist-3.21.0-GA.jar;E:\important Path\apache-maven-3.6.1\mvn_repo\org\springframework\boot\spring-boot-test\2.3.9.RELEASE\spring-boot-test-2.3.9.RELEASE.jar;E:\important Path\apache-maven-3.6.1\mvn_repo\org\springframework\boot\spring-boot\2.3.9.RELEASE\spring-boot-2.3.9.RELEASE.jar;E:\important Path\apache-maven-3.6.1\mvn_repo\org\springframework\boot\spring-boot-starter-actuator\2.3.9.RELEASE\spring-boot-starter-actuator-2.3.9.RELEASE.jar;E:\important Path\apache-maven-3.6.1\mvn_repo\org\springframework\boot\spring-boot-actuator-autoconfigure\2.3.9.RELEASE\spring-boot-actuator-autoconfigure-2.3.9.RELEASE.jar;E:\important Path\apache-maven-3.6.1\mvn_repo\org\springframework\boot\spring-boot-actuator\2.3.9.RELEASE\spring-boot-actuator-2.3.9.RELEASE.jar;E:\important Path\apache-maven-3.6.1\mvn_repo\com\fasterxml\jackson\datatype\jackson-datatype-jsr310\2.11.4\jackson-datatype-jsr310-2.11.4.jar;E:\important Path\apache-maven-3.6.1\mvn_repo\io\micrometer\micrometer-core\1.5.11\micrometer-core-1.5.11.jar;E:\important Path\apache-maven-3.6.1\mvn_repo\org\latencyutils\LatencyUtils\2.0.3\LatencyUtils-2.0.3.jar;E:\important Path\apache-maven-3.6.1\mvn_repo\org\springframework\boot\spring-boot-starter-web\2.3.9.RELEASE\spring-boot-starter-web-2.3.9.RELEASE.jar;E:\important Path\apache-maven-3.6.1\mvn_repo\org\springframework\boot\spring-boot-starter-json\2.3.9.RELEASE\spring-boot-starter-json-2.3.9.RELEASE.jar;E:\important Path\apache-maven-3.6.1\mvn_repo\com\fasterxml\jackson\datatype\jackson-datatype-jdk8\2.11.4\jackson-datatype-jdk8-2.11.4.jar;E:\important Path\apache-maven-3.6.1\mvn_repo\com\fasterxml\jackson\module\jackson-module-parameter-names\2.11.4\jackson-module-parameter-names-2.11.4.jar;E:\important Path\apache-maven-3.6.1\mvn_repo\org\springframework\boot\spring-boot-starter-tomcat\2.3.9.RELEASE\spring-boot-starter-tomcat-2.3.9.RELEASE.jar;E:\important Path\apache-maven-3.6.1\mvn_repo\org\apache\tomcat\embed\tomcat-embed-core\9.0.43\tomcat-embed-core-9.0.43.jar;E:\important Path\apache-maven-3.6.1\mvn_repo\org\glassfish\jakarta.el\3.0.3\jakarta.el-3.0.3.jar;E:\important Path\apache-maven-3.6.1\mvn_repo\org\apache\tomcat\embed\tomcat-embed-websocket\9.0.43\tomcat-embed-websocket-9.0.43.jar;E:\important Path\apache-maven-3.6.1\mvn_repo\org\springframework\spring-web\5.2.13.RELEASE\spring-web-5.2.13.RELEASE.jar;E:\important Path\apache-maven-3.6.1\mvn_repo\org\springframework\spring-beans\5.2.13.RELEASE\spring-beans-5.2.13.RELEASE.jar;E:\important Path\apache-maven-3.6.1\mvn_repo\org\springframework\spring-webmvc\5.2.13.RELEASE\spring-webmvc-5.2.13.RELEASE.jar;E:\important Path\apache-maven-3.6.1\mvn_repo\org\springframework\spring-aop\5.2.13.RELEASE\spring-aop-5.2.13.RELEASE.jar;E:\important Path\apache-maven-3.6.1\mvn_repo\org\springframework\spring-expression\5.2.13.RELEASE\spring-expression-5.2.13.RELEASE.jar;E:\important Path\apache-maven-3.6.1\mvn_repo\org\springframework\boot\spring-boot-starter-data-redis\2.3.9.RELEASE\spring-boot-starter-data-redis-2.3.9.RELEASE.jar;E:\important Path\apache-maven-3.6.1\mvn_repo\org\springframework\data\spring-data-redis\2.3.7.RELEASE\spring-data-redis-2.3.7.RELEASE.jar;E:\important Path\apache-maven-3.6.1\mvn_repo\org\springframework\data\spring-data-keyvalue\2.3.7.RELEASE\spring-data-keyvalue-2.3.7.RELEASE.jar;E:\important Path\apache-maven-3.6.1\mvn_repo\org\springframework\data\spring-data-commons\2.3.7.RELEASE\spring-data-commons-2.3.7.RELEASE.jar;E:\important Path\apache-maven-3.6.1\mvn_repo\org\springframework\spring-oxm\5.2.13.RELEASE\spring-oxm-5.2.13.RELEASE.jar;E:\important Path\apache-maven-3.6.1\mvn_repo\io\lettuce\lettuce-core\5.3.6.RELEASE\lettuce-core-5.3.6.RELEASE.jar;E:\important Path\apache-maven-3.6.1\mvn_repo\io\netty\netty-common\4.1.59.Final\netty-common-4.1.59.Final.jar;E:\important Path\apache-maven-3.6.1\mvn_repo\io\netty\netty-handler\4.1.59.Final\netty-handler-4.1.59.Final.jar;E:\important Path\apache-maven-3.6.1\mvn_repo\io\netty\netty-resolver\4.1.59.Final\netty-resolver-4.1.59.Final.jar;E:\important Path\apache-maven-3.6.1\mvn_repo\io\netty\netty-buffer\4.1.59.Final\netty-buffer-4.1.59.Final.jar;E:\important Path\apache-maven-3.6.1\mvn_repo\io\netty\netty-codec\4.1.59.Final\netty-codec-4.1.59.Final.jar;E:\important Path\apache-maven-3.6.1\mvn_repo\io\netty\netty-transport\4.1.59.Final\netty-transport-4.1.59.Final.jar;E:\important Path\apache-maven-3.6.1\mvn_repo\io\projectreactor\reactor-core\3.3.14.RELEASE\reactor-core-3.3.14.RELEASE.jar;E:\important Path\apache-maven-3.6.1\mvn_repo\org\reactivestreams\reactive-streams\1.0.3\reactive-streams-1.0.3.jar;E:\important Path\apache-maven-3.6.1\mvn_repo\org\apache\commons\commons-pool2\2.8.1\commons-pool2-2.8.1.jar;E:\important Path\apache-maven-3.6.1\mvn_repo\org\springframework\boot\spring-boot-starter-cache\2.3.9.RELEASE\spring-boot-starter-cache-2.3.9.RELEASE.jar;E:\important Path\apache-maven-3.6.1\mvn_repo\org\springframework\spring-context-support\5.2.13.RELEASE\spring-context-support-5.2.13.RELEASE.jar;E:\important Path\apache-maven-3.6.1\mvn_repo\org\apache\commons\commons-lang3\3.5\commons-lang3-3.5.jar;E:\important Path\apache-maven-3.6.1\mvn_repo\com\github\tobato\fastdfs-client\1.26.5\fastdfs-client-1.26.5.jar;E:\important Path\apache-maven-3.6.1\mvn_repo\org\slf4j\slf4j-api\1.7.30\slf4j-api-1.7.30.jar;E:\important Path\apache-maven-3.6.1\mvn_repo\org\slf4j\jcl-over-slf4j\1.7.30\jcl-over-slf4j-1.7.30.jar;E:\important Path\apache-maven-3.6.1\mvn_repo\ch\qos\logback\logback-classic\1.2.3\logback-classic-1.2.3.jar;E:\important Path\apache-maven-3.6.1\mvn_repo\ch\qos\logback\logback-core\1.2.3\logback-core-1.2.3.jar;E:\important Path\apache-maven-3.6.1\mvn_repo\commons-io\commons-io\2.6\commons-io-2.6.jar;E:\important Path\apache-maven-3.6.1\mvn_repo\org\hibernate\validator\hibernate-validator\6.1.7.Final\hibernate-validator-6.1.7.Final.jar;E:\important Path\apache-maven-3.6.1\mvn_repo\jakarta\validation\jakarta.validation-api\2.0.2\jakarta.validation-api-2.0.2.jar;E:\important Path\apache-maven-3.6.1\mvn_repo\org\jboss\logging\jboss-logging\3.4.1.Final\jboss-logging-3.4.1.Final.jar;E:\important Path\apache-maven-3.6.1\mvn_repo\org\springframework\boot\spring-boot-autoconfigure\2.3.9.RELEASE\spring-boot-autoconfigure-2.3.9.RELEASE.jar;E:\important Path\apache-maven-3.6.1\mvn_repo\org\springframework\spring-context\5.2.13.RELEASE\spring-context-5.2.13.RELEASE.jar;E:\important Path\apache-maven-3.6.1\mvn_repo\net\coobird\thumbnailator\0.4.8\thumbnailator-0.4.8.jar;E:\important Path\apache-maven-3.6.1\mvn_repo\org\springframework\kafka\spring-kafka\2.6.6\spring-kafka-2.6.6.jar;E:\important Path\apache-maven-3.6.1\mvn_repo\org\springframework\spring-messaging\5.2.13.RELEASE\spring-messaging-5.2.13.RELEASE.jar;E:\important Path\apache-maven-3.6.1\mvn_repo\org\springframework\spring-tx\5.2.13.RELEASE\spring-tx-5.2.13.RELEASE.jar;E:\important Path\apache-maven-3.6.1\mvn_repo\org\springframework\retry\spring-retry\1.2.5.RELEASE\spring-retry-1.2.5.RELEASE.jar;E:\important Path\apache-maven-3.6.1\mvn_repo\org\apache\kafka\kafka-clients\2.5.1\kafka-clients-2.5.1.jar;E:\important Path\apache-maven-3.6.1\mvn_repo\com\github\luben\zstd-jni\1.4.4-7\zstd-jni-1.4.4-7.jar;E:\important Path\apache-maven-3.6.1\mvn_repo\org\lz4\lz4-java\1.7.1\lz4-java-1.7.1.jar;E:\important Path\apache-maven-3.6.1\mvn_repo\org\xerial\snappy\snappy-java\1.1.7.3\snappy-java-1.1.7.3.jar;E:\important Path\apache-maven-3.6.1\mvn_repo\org\apache\kafka\kafka-streams\2.5.1\kafka-streams-2.5.1.jar;E:\important Path\apache-maven-3.6.1\mvn_repo\org\rocksdb\rocksdbjni\5.18.3\rocksdbjni-5.18.3.jar;E:\important Path\apache-maven-3.6.1\mvn_repo\com\aliyun\aliyun-java-sdk-core\4.1.1\aliyun-java-sdk-core-4.1.1.jar;E:\important Path\apache-maven-3.6.1\mvn_repo\com\google\code\gson\gson\2.8.6\gson-2.8.6.jar;E:\important Path\apache-maven-3.6.1\mvn_repo\javax\xml\bind\jaxb-api\2.3.1\jaxb-api-2.3.1.jar;E:\important Path\apache-maven-3.6.1\mvn_repo\javax\activation\javax.activation-api\1.2.0\javax.activation-api-1.2.0.jar;E:\important Path\apache-maven-3.6.1\mvn_repo\com\sun\xml\bind\jaxb-core\2.1.14\jaxb-core-2.1.14.jar;E:\important Path\apache-maven-3.6.1\mvn_repo\com\sun\xml\bind\jaxb-impl\2.1\jaxb-impl-2.1.jar;E:\important Path\apache-maven-3.6.1\mvn_repo\javax\activation\activation\1.1.1\activation-1.1.1.jar;E:\important Path\apache-maven-3.6.1\mvn_repo\com\aliyun\aliyun-java-sdk-green\3.4.1\aliyun-java-sdk-green-3.4.1.jar;E:\important Path\apache-maven-3.6.1\mvn_repo\com\aliyun\oss\aliyun-sdk-oss\2.8.3\aliyun-sdk-oss-2.8.3.jar;E:\important Path\apache-maven-3.6.1\mvn_repo\org\jdom\jdom\1.1\jdom-1.1.jar;E:\important Path\apache-maven-3.6.1\mvn_repo\com\aliyun\green20220302\1.0.3\green20220302-1.0.3.jar;E:\important Path\apache-maven-3.6.1\mvn_repo\com\aliyun\tea-util\0.2.16\tea-util-0.2.16.jar;E:\important Path\apache-maven-3.6.1\mvn_repo\com\aliyun\tea-openapi\0.2.8\tea-openapi-0.2.8.jar;E:\important Path\apache-maven-3.6.1\mvn_repo\com\aliyun\credentials-java\0.2.4\credentials-java-0.2.4.jar;E:\important Path\apache-maven-3.6.1\mvn_repo\org\ini4j\ini4j\0.5.4\ini4j-0.5.4.jar;E:\important Path\apache-maven-3.6.1\mvn_repo\com\aliyun\alibabacloud-gateway-spi\0.0.1\alibabacloud-gateway-spi-0.0.1.jar;E:\important Path\apache-maven-3.6.1\mvn_repo\com\aliyun\tea-xml\0.1.5\tea-xml-0.1.5.jar;E:\important Path\apache-maven-3.6.1\mvn_repo\org\dom4j\dom4j\2.0.3\dom4j-2.0.3.jar;E:\important Path\apache-maven-3.6.1\mvn_repo\org\jacoco\org.jacoco.agent\0.8.4\org.jacoco.agent-0.8.4-runtime.jar;E:\important Path\apache-maven-3.6.1\mvn_repo\com\aliyun\openapiutil\0.2.0\openapiutil-0.2.0.jar;E:\important Path\apache-maven-3.6.1\mvn_repo\org\bouncycastle\bcpkix-jdk15on\1.65\bcpkix-jdk15on-1.65.jar;E:\important Path\apache-maven-3.6.1\mvn_repo\org\bouncycastle\bcprov-jdk15on\1.65\bcprov-jdk15on-1.65.jar;E:\important Path\apache-maven-3.6.1\mvn_repo\com\aliyun\endpoint-util\0.0.7\endpoint-util-0.0.7.jar;E:\important Path\apache-maven-3.6.1\mvn_repo\com\aliyun\tea\1.2.0\tea-1.2.0.jar;E:\important Path\apache-maven-3.6.1\mvn_repo\com\squareup\okhttp3\okhttp\3.14.9\okhttp-3.14.9.jar;E:\important Path\apache-maven-3.6.1\mvn_repo\com\squareup\okio\okio\1.17.2\okio-1.17.2.jar;E:\important Path\apache-maven-3.6.1\mvn_repo\org\apache\hbase\hbase-client\2.1.5\hbase-client-2.1.5.jar;E:\important Path\apache-maven-3.6.1\mvn_repo\org\apache\hbase\thirdparty\hbase-shaded-protobuf\2.1.0\hbase-shaded-protobuf-2.1.0.jar;E:\important Path\apache-maven-3.6.1\mvn_repo\org\apache\hbase\hbase-common\2.1.5\hbase-common-2.1.5.jar;E:\important Path\apache-maven-3.6.1\mvn_repo\com\github\stephenc\findbugs\findbugs-annotations\1.3.9-1\findbugs-annotations-1.3.9-1.jar;E:\important Path\apache-maven-3.6.1\mvn_repo\org\apache\hbase\hbase-hadoop-compat\2.1.5\hbase-hadoop-compat-2.1.5.jar;E:\important Path\apache-maven-3.6.1\mvn_repo\org\apache\hbase\hbase-metrics-api\2.1.5\hbase-metrics-api-2.1.5.jar;E:\important Path\apache-maven-3.6.1\mvn_repo\org\apache\hbase\hbase-hadoop2-compat\2.1.5\hbase-hadoop2-compat-2.1.5.jar;E:\important Path\apache-maven-3.6.1\mvn_repo\org\apache\hbase\hbase-metrics\2.1.5\hbase-metrics-2.1.5.jar;E:\important Path\apache-maven-3.6.1\mvn_repo\org\apache\hbase\hbase-protocol-shaded\2.1.5\hbase-protocol-shaded-2.1.5.jar;E:\important Path\apache-maven-3.6.1\mvn_repo\org\apache\hbase\hbase-protocol\2.1.5\hbase-protocol-2.1.5.jar;E:\important Path\apache-maven-3.6.1\mvn_repo\org\apache\hbase\thirdparty\hbase-shaded-miscellaneous\2.1.0\hbase-shaded-miscellaneous-2.1.0.jar;E:\important Path\apache-maven-3.6.1\mvn_repo\com\google\protobuf\protobuf-java\3.12.2\protobuf-java-3.12.2.jar;E:\important Path\apache-maven-3.6.1\mvn_repo\org\apache\hbase\thirdparty\hbase-shaded-netty\2.1.0\hbase-shaded-netty-2.1.0.jar;E:\important Path\apache-maven-3.6.1\mvn_repo\org\apache\zookeeper\zookeeper\3.4.10\zookeeper-3.4.10.jar;E:\important Path\apache-maven-3.6.1\mvn_repo\org\apache\htrace\htrace-core4\4.2.0-incubating\htrace-core4-4.2.0-incubating.jar;E:\important Path\apache-maven-3.6.1\mvn_repo\org\jruby\jcodings\jcodings\1.0.18\jcodings-1.0.18.jar;E:\important Path\apache-maven-3.6.1\mvn_repo\org\jruby\joni\joni\2.1.11\joni-2.1.11.jar;E:\important Path\apache-maven-3.6.1\mvn_repo\io\dropwizard\metrics\metrics-core\4.1.17\metrics-core-4.1.17.jar;E:\important Path\apache-maven-3.6.1\mvn_repo\org\apache\commons\commons-crypto\1.0.0\commons-crypto-1.0.0.jar;E:\important Path\apache-maven-3.6.1\mvn_repo\com\fasterxml\jackson\core\jackson-databind\2.11.4\jackson-databind-2.11.4.jar;E:\important Path\apache-maven-3.6.1\mvn_repo\org\apache\hadoop\hadoop-auth\2.7.7\hadoop-auth-2.7.7.jar;E:\important Path\apache-maven-3.6.1\mvn_repo\org\apache\directory\server\apacheds-kerberos-codec\2.0.0-M15\apacheds-kerberos-codec-2.0.0-M15.jar;E:\important Path\apache-maven-3.6.1\mvn_repo\org\apache\directory\server\apacheds-i18n\2.0.0-M15\apacheds-i18n-2.0.0-M15.jar;E:\important Path\apache-maven-3.6.1\mvn_repo\org\apache\directory\api\api-asn1-api\1.0.0-M20\api-asn1-api-1.0.0-M20.jar;E:\important Path\apache-maven-3.6.1\mvn_repo\org\apache\directory\api\api-util\1.0.0-M20\api-util-1.0.0-M20.jar;E:\important Path\apache-maven-3.6.1\mvn_repo\org\apache\curator\curator-framework\4.2.0\curator-framework-4.2.0.jar;E:\important Path\apache-maven-3.6.1\mvn_repo\org\apache\hadoop\hadoop-common\2.7.7\hadoop-common-2.7.7.jar;E:\important Path\apache-maven-3.6.1\mvn_repo\org\apache\hadoop\hadoop-annotations\2.7.7\hadoop-annotations-2.7.7.jar;C:\Users\admin\.jdks\corretto-1.8.0_372\jre\..\lib\tools.jar;E:\important Path\apache-maven-3.6.1\mvn_repo\commons-cli\commons-cli\1.2\commons-cli-1.2.jar;E:\important Path\apache-maven-3.6.1\mvn_repo\org\apache\commons\commons-math3\3.1.1\commons-math3-3.1.1.jar;E:\important Path\apache-maven-3.6.1\mvn_repo\xmlenc\xmlenc\0.52\xmlenc-0.52.jar;E:\important Path\apache-maven-3.6.1\mvn_repo\commons-httpclient\commons-httpclient\3.1\commons-httpclient-3.1.jar;E:\important Path\apache-maven-3.6.1\mvn_repo\commons-net\commons-net\3.1\commons-net-3.1.jar;E:\important Path\apache-maven-3.6.1\mvn_repo\org\mortbay\jetty\jetty-sslengine\6.1.26\jetty-sslengine-6.1.26.jar;E:\important Path\apache-maven-3.6.1\mvn_repo\commons-lang\commons-lang\2.6\commons-lang-2.6.jar;E:\important Path\apache-maven-3.6.1\mvn_repo\commons-configuration\commons-configuration\1.6\commons-configuration-1.6.jar;E:\important Path\apache-maven-3.6.1\mvn_repo\commons-digester\commons-digester\1.8\commons-digester-1.8.jar;E:\important Path\apache-maven-3.6.1\mvn_repo\commons-beanutils\commons-beanutils-core\1.8.0\commons-beanutils-core-1.8.0.jar;E:\important Path\apache-maven-3.6.1\mvn_repo\org\codehaus\jackson\jackson-core-asl\1.9.13\jackson-core-asl-1.9.13.jar;E:\important Path\apache-maven-3.6.1\mvn_repo\org\codehaus\jackson\jackson-mapper-asl\1.9.13\jackson-mapper-asl-1.9.13.jar;E:\important Path\apache-maven-3.6.1\mvn_repo\org\apache\avro\avro\1.7.4\avro-1.7.4.jar;E:\important Path\apache-maven-3.6.1\mvn_repo\com\thoughtworks\paranamer\paranamer\2.3\paranamer-2.3.jar;E:\important Path\apache-maven-3.6.1\mvn_repo\com\jcraft\jsch\0.1.54\jsch-0.1.54.jar;E:\important Path\apache-maven-3.6.1\mvn_repo\org\apache\curator\curator-client\2.7.1\curator-client-2.7.1.jar;E:\important Path\apache-maven-3.6.1\mvn_repo\org\apache\curator\curator-recipes\4.2.0\curator-recipes-4.2.0.jar;E:\important Path\apache-maven-3.6.1\mvn_repo\org\apache\htrace\htrace-core\3.1.0-incubating\htrace-core-3.1.0-incubating.jar;E:\important Path\apache-maven-3.6.1\mvn_repo\org\apache\commons\commons-compress\1.4.1\commons-compress-1.4.1.jar;E:\important Path\apache-maven-3.6.1\mvn_repo\org\tukaani\xz\1.0\xz-1.0.jar;E:\important Path\apache-maven-3.6.1\mvn_repo\org\apache\yetus\audience-annotations\0.5.0\audience-annotations-0.5.0.jar;E:\important Path\apache-maven-3.6.1\mvn_repo\junit\junit\4.12\junit-4.12.jar;E:\important Path\apache-maven-3.6.1\mvn_repo\org\hamcrest\hamcrest-core\2.2\hamcrest-core-2.2.jar;E:\important Path\apache-maven-3.6.1\mvn_repo\joda-time\joda-time\2.10.5\joda-time-2.10.5.jar;E:\important Path\apache-maven-3.6.1\mvn_repo\io\springfox\springfox-swagger2\2.9.2\springfox-swagger2-2.9.2.jar;E:\important Path\apache-maven-3.6.1\mvn_repo\io\swagger\swagger-annotations\1.5.20\swagger-annotations-1.5.20.jar;E:\important Path\apache-maven-3.6.1\mvn_repo\io\swagger\swagger-models\1.5.20\swagger-models-1.5.20.jar;E:\important Path\apache-maven-3.6.1\mvn_repo\com\fasterxml\jackson\core\jackson-annotations\2.11.4\jackson-annotations-2.11.4.jar;E:\important Path\apache-maven-3.6.1\mvn_repo\io\springfox\springfox-spi\2.9.2\springfox-spi-2.9.2.jar;E:\important Path\apache-maven-3.6.1\mvn_repo\io\springfox\springfox-core\2.9.2\springfox-core-2.9.2.jar;E:\important Path\apache-maven-3.6.1\mvn_repo\io\springfox\springfox-schema\2.9.2\springfox-schema-2.9.2.jar;E:\important Path\apache-maven-3.6.1\mvn_repo\io\springfox\springfox-swagger-common\2.9.2\springfox-swagger-common-2.9.2.jar;E:\important Path\apache-maven-3.6.1\mvn_repo\io\springfox\springfox-spring-web\2.9.2\springfox-spring-web-2.9.2.jar;E:\important Path\apache-maven-3.6.1\mvn_repo\com\fasterxml\classmate\1.5.1\classmate-1.5.1.jar;E:\important Path\apache-maven-3.6.1\mvn_repo\org\springframework\plugin\spring-plugin-core\1.2.0.RELEASE\spring-plugin-core-1.2.0.RELEASE.jar;E:\important Path\apache-maven-3.6.1\mvn_repo\org\springframework\plugin\spring-plugin-metadata\1.2.0.RELEASE\spring-plugin-metadata-1.2.0.RELEASE.jar;E:\important Path\apache-maven-3.6.1\mvn_repo\org\mapstruct\mapstruct\1.2.0.Final\mapstruct-1.2.0.Final.jar;E:\important Path\apache-maven-3.6.1\mvn_repo\io\springfox\springfox-swagger-ui\2.9.2\springfox-swagger-ui-2.9.2.jar;E:\important Path\apache-maven-3.6.1\mvn_repo\com\github\xiaoymin\knife4j-spring-boot-starter\2.0.2\knife4j-spring-boot-starter-2.0.2.jar;E:\important Path\apache-maven-3.6.1\mvn_repo\com\github\xiaoymin\knife4j-spring-boot-autoconfigure\2.0.2\knife4j-spring-boot-autoconfigure-2.0.2.jar;E:\important Path\apache-maven-3.6.1\mvn_repo\com\github\xiaoymin\knife4j-spring\2.0.2\knife4j-spring-2.0.2.jar;E:\important Path\apache-maven-3.6.1\mvn_repo\com\github\xiaoymin\knife4j-annotations\2.0.2\knife4j-annotations-2.0.2.jar;E:\important Path\apache-maven-3.6.1\mvn_repo\com\github\xiaoymin\knife4j-core\2.0.2\knife4j-core-2.0.2.jar;E:\important Path\apache-maven-3.6.1\mvn_repo\io\springfox\springfox-bean-validators\2.9.2\springfox-bean-validators-2.9.2.jar;E:\important Path\apache-maven-3.6.1\mvn_repo\com\github\xiaoymin\knife4j-spring-ui\2.0.2\knife4j-spring-ui-2.0.2.jar;E:\important Path\apache-maven-3.6.1\mvn_repo\org\springframework\boot\spring-boot-starter-test\2.3.9.RELEASE\spring-boot-starter-test-2.3.9.RELEASE.jar;E:\important Path\apache-maven-3.6.1\mvn_repo\org\springframework\boot\spring-boot-starter\2.3.9.RELEASE\spring-boot-starter-2.3.9.RELEASE.jar;E:\important Path\apache-maven-3.6.1\mvn_repo\jakarta\annotation\jakarta.annotation-api\1.3.5\jakarta.annotation-api-1.3.5.jar;E:\important Path\apache-maven-3.6.1\mvn_repo\org\yaml\snakeyaml\1.26\snakeyaml-1.26.jar;E:\important Path\apache-maven-3.6.1\mvn_repo\org\springframework\boot\spring-boot-test-autoconfigure\2.3.9.RELEASE\spring-boot-test-autoconfigure-2.3.9.RELEASE.jar;E:\important Path\apache-maven-3.6.1\mvn_repo\com\jayway\jsonpath\json-path\2.4.0\json-path-2.4.0.jar;E:\important Path\apache-maven-3.6.1\mvn_repo\net\minidev\json-smart\2.3\json-smart-2.3.jar;E:\important Path\apache-maven-3.6.1\mvn_repo\net\minidev\accessors-smart\1.2\accessors-smart-1.2.jar;E:\important Path\apache-maven-3.6.1\mvn_repo\org\ow2\asm\asm\5.0.4\asm-5.0.4.jar;E:\important Path\apache-maven-3.6.1\mvn_repo\jakarta\xml\bind\jakarta.xml.bind-api\2.3.3\jakarta.xml.bind-api-2.3.3.jar;E:\important Path\apache-maven-3.6.1\mvn_repo\jakarta\activation\jakarta.activation-api\1.2.2\jakarta.activation-api-1.2.2.jar;E:\important Path\apache-maven-3.6.1\mvn_repo\org\assertj\assertj-core\3.16.1\assertj-core-3.16.1.jar;E:\important Path\apache-maven-3.6.1\mvn_repo\org\hamcrest\hamcrest\2.2\hamcrest-2.2.jar;E:\important Path\apache-maven-3.6.1\mvn_repo\org\junit\jupiter\junit-jupiter\5.6.3\junit-jupiter-5.6.3.jar;E:\important Path\apache-maven-3.6.1\mvn_repo\org\junit\jupiter\junit-jupiter-api\5.6.3\junit-jupiter-api-5.6.3.jar;E:\important Path\apache-maven-3.6.1\mvn_repo\org\opentest4j\opentest4j\1.2.0\opentest4j-1.2.0.jar;E:\important Path\apache-maven-3.6.1\mvn_repo\org\junit\platform\junit-platform-commons\1.6.3\junit-platform-commons-1.6.3.jar;E:\important Path\apache-maven-3.6.1\mvn_repo\org\junit\jupiter\junit-jupiter-params\5.6.3\junit-jupiter-params-5.6.3.jar;E:\important Path\apache-maven-3.6.1\mvn_repo\org\junit\jupiter\junit-jupiter-engine\5.6.3\junit-jupiter-engine-5.6.3.jar;E:\important Path\apache-maven-3.6.1\mvn_repo\org\junit\vintage\junit-vintage-engine\5.6.3\junit-vintage-engine-5.6.3.jar;E:\important Path\apache-maven-3.6.1\mvn_repo\org\apiguardian\apiguardian-api\1.1.0\apiguardian-api-1.1.0.jar;E:\important Path\apache-maven-3.6.1\mvn_repo\org\junit\platform\junit-platform-engine\1.6.3\junit-platform-engine-1.6.3.jar;E:\important Path\apache-maven-3.6.1\mvn_repo\org\mockito\mockito-core\3.3.3\mockito-core-3.3.3.jar;E:\important Path\apache-maven-3.6.1\mvn_repo\net\bytebuddy\byte-buddy\1.10.20\byte-buddy-1.10.20.jar;E:\important Path\apache-maven-3.6.1\mvn_repo\net\bytebuddy\byte-buddy-agent\1.10.20\byte-buddy-agent-1.10.20.jar;E:\important Path\apache-maven-3.6.1\mvn_repo\org\objenesis\objenesis\2.6\objenesis-2.6.jar;E:\important Path\apache-maven-3.6.1\mvn_repo\org\mockito\mockito-junit-jupiter\3.3.3\mockito-junit-jupiter-3.3.3.jar;E:\important Path\apache-maven-3.6.1\mvn_repo\org\skyscreamer\jsonassert\1.5.0\jsonassert-1.5.0.jar;E:\important Path\apache-maven-3.6.1\mvn_repo\com\vaadin\external\google\android-json\0.0.20131108.vaadin1\android-json-0.0.20131108.vaadin1.jar;E:\important Path\apache-maven-3.6.1\mvn_repo\org\springframework\spring-core\5.2.13.RELEASE\spring-core-5.2.13.RELEASE.jar;E:\important Path\apache-maven-3.6.1\mvn_repo\org\springframework\spring-jcl\5.2.13.RELEASE\spring-jcl-5.2.13.RELEASE.jar;E:\important Path\apache-maven-3.6.1\mvn_repo\org\springframework\spring-test\5.2.13.RELEASE\spring-test-5.2.13.RELEASE.jar;E:\important Path\apache-maven-3.6.1\mvn_repo\org\xmlunit\xmlunit-core\2.7.0\xmlunit-core-2.7.0.jar;E:\important Path\apache-maven-3.6.1\mvn_repo\org\elasticsearch\client\elasticsearch-rest-high-level-client\7.4.0\elasticsearch-rest-high-level-client-7.4.0.jar;E:\important Path\apache-maven-3.6.1\mvn_repo\org\elasticsearch\plugin\mapper-extras\7.4.0\mapper-extras-7.4.0.jar;E:\important Path\apache-maven-3.6.1\mvn_repo\org\elasticsearch\plugin\parent-join-client\7.4.0\parent-join-client-7.4.0.jar;E:\important Path\apache-maven-3.6.1\mvn_repo\org\elasticsearch\plugin\aggs-matrix-stats-client\7.4.0\aggs-matrix-stats-client-7.4.0.jar;E:\important Path\apache-maven-3.6.1\mvn_repo\org\elasticsearch\plugin\rank-eval-client\7.4.0\rank-eval-client-7.4.0.jar;E:\important Path\apache-maven-3.6.1\mvn_repo\org\elasticsearch\plugin\lang-mustache-client\7.4.0\lang-mustache-client-7.4.0.jar;E:\important Path\apache-maven-3.6.1\mvn_repo\com\github\spullara\mustache\java\compiler\0.9.3\compiler-0.9.3.jar;E:\important Path\apache-maven-3.6.1\mvn_repo\org\elasticsearch\client\elasticsearch-rest-client\7.4.0\elasticsearch-rest-client-7.4.0.jar;E:\important Path\apache-maven-3.6.1\mvn_repo\org\apache\httpcomponents\httpclient\4.5.13\httpclient-4.5.13.jar;E:\important Path\apache-maven-3.6.1\mvn_repo\org\apache\httpcomponents\httpcore\4.4.14\httpcore-4.4.14.jar;E:\important Path\apache-maven-3.6.1\mvn_repo\org\apache\httpcomponents\httpasyncclient\4.1.4\httpasyncclient-4.1.4.jar;E:\important Path\apache-maven-3.6.1\mvn_repo\org\apache\httpcomponents\httpcore-nio\4.4.14\httpcore-nio-4.4.14.jar;E:\important Path\apache-maven-3.6.1\mvn_repo\commons-codec\commons-codec\1.12\commons-codec-1.12.jar;E:\important Path\apache-maven-3.6.1\mvn_repo\org\elasticsearch\elasticsearch\7.4.0\elasticsearch-7.4.0.jar;E:\important Path\apache-maven-3.6.1\mvn_repo\org\elasticsearch\elasticsearch-core\7.4.0\elasticsearch-core-7.4.0.jar;E:\important Path\apache-maven-3.6.1\mvn_repo\org\elasticsearch\elasticsearch-secure-sm\7.4.0\elasticsearch-secure-sm-7.4.0.jar;E:\important Path\apache-maven-3.6.1\mvn_repo\org\elasticsearch\elasticsearch-x-content\7.4.0\elasticsearch-x-content-7.4.0.jar;E:\important Path\apache-maven-3.6.1\mvn_repo\com\fasterxml\jackson\core\jackson-core\2.11.4\jackson-core-2.11.4.jar;E:\important Path\apache-maven-3.6.1\mvn_repo\com\fasterxml\jackson\dataformat\jackson-dataformat-smile\2.11.4\jackson-dataformat-smile-2.11.4.jar;E:\important Path\apache-maven-3.6.1\mvn_repo\com\fasterxml\jackson\dataformat\jackson-dataformat-yaml\2.11.4\jackson-dataformat-yaml-2.11.4.jar;E:\important Path\apache-maven-3.6.1\mvn_repo\com\fasterxml\jackson\dataformat\jackson-dataformat-cbor\2.9.9\jackson-dataformat-cbor-2.9.9.jar;E:\important Path\apache-maven-3.6.1\mvn_repo\org\elasticsearch\elasticsearch-geo\7.4.0\elasticsearch-geo-7.4.0.jar;E:\important Path\apache-maven-3.6.1\mvn_repo\org\apache\lucene\lucene-core\8.2.0\lucene-core-8.2.0.jar;E:\important Path\apache-maven-3.6.1\mvn_repo\org\apache\lucene\lucene-analyzers-common\8.2.0\lucene-analyzers-common-8.2.0.jar;E:\important Path\apache-maven-3.6.1\mvn_repo\org\apache\lucene\lucene-backward-codecs\8.2.0\lucene-backward-codecs-8.2.0.jar;E:\important Path\apache-maven-3.6.1\mvn_repo\org\apache\lucene\lucene-grouping\8.2.0\lucene-grouping-8.2.0.jar;E:\important Path\apache-maven-3.6.1\mvn_repo\org\apache\lucene\lucene-highlighter\8.2.0\lucene-highlighter-8.2.0.jar;E:\important Path\apache-maven-3.6.1\mvn_repo\org\apache\lucene\lucene-join\8.2.0\lucene-join-8.2.0.jar;E:\important Path\apache-maven-3.6.1\mvn_repo\org\apache\lucene\lucene-memory\8.2.0\lucene-memory-8.2.0.jar;E:\important Path\apache-maven-3.6.1\mvn_repo\org\apache\lucene\lucene-misc\8.2.0\lucene-misc-8.2.0.jar;E:\important Path\apache-maven-3.6.1\mvn_repo\org\apache\lucene\lucene-queries\8.2.0\lucene-queries-8.2.0.jar;E:\important Path\apache-maven-3.6.1\mvn_repo\org\apache\lucene\lucene-queryparser\8.2.0\lucene-queryparser-8.2.0.jar;E:\important Path\apache-maven-3.6.1\mvn_repo\org\apache\lucene\lucene-sandbox\8.2.0\lucene-sandbox-8.2.0.jar;E:\important Path\apache-maven-3.6.1\mvn_repo\org\apache\lucene\lucene-spatial\8.2.0\lucene-spatial-8.2.0.jar;E:\important Path\apache-maven-3.6.1\mvn_repo\org\apache\lucene\lucene-spatial-extras\8.2.0\lucene-spatial-extras-8.2.0.jar;E:\important Path\apache-maven-3.6.1\mvn_repo\org\apache\lucene\lucene-spatial3d\8.2.0\lucene-spatial3d-8.2.0.jar;E:\important Path\apache-maven-3.6.1\mvn_repo\org\apache\lucene\lucene-suggest\8.2.0\lucene-suggest-8.2.0.jar;E:\important Path\apache-maven-3.6.1\mvn_repo\org\elasticsearch\elasticsearch-cli\7.4.0\elasticsearch-cli-7.4.0.jar;E:\important Path\apache-maven-3.6.1\mvn_repo\net\sf\jopt-simple\jopt-simple\5.0.2\jopt-simple-5.0.2.jar;E:\important Path\apache-maven-3.6.1\mvn_repo\com\carrotsearch\hppc\0.8.1\hppc-0.8.1.jar;E:\important Path\apache-maven-3.6.1\mvn_repo\com\tdunning\t-digest\3.2\t-digest-3.2.jar;E:\important Path\apache-maven-3.6.1\mvn_repo\org\hdrhistogram\HdrHistogram\2.1.9\HdrHistogram-2.1.9.jar;E:\important Path\apache-maven-3.6.1\mvn_repo\org\apache\logging\log4j\log4j-api\2.13.3\log4j-api-2.13.3.jar;E:\important Path\apache-maven-3.6.1\mvn_repo\org\elasticsearch\jna\4.5.1\jna-4.5.1.jar;E:\important Path\apache-maven-3.6.1\mvn_repo\org\jsoup\jsoup\1.13.1\jsoup-1.13.1.jar;E:\important Path\apache-maven-3.6.1\mvn_repo\org\springframework\boot\spring-boot-starter-log4j2\2.3.9.RELEASE\spring-boot-starter-log4j2-2.3.9.RELEASE.jar;E:\important Path\apache-maven-3.6.1\mvn_repo\org\apache\logging\log4j\log4j-slf4j-impl\2.13.3\log4j-slf4j-impl-2.13.3.jar;E:\important Path\apache-maven-3.6.1\mvn_repo\org\apache\logging\log4j\log4j-core\2.13.3\log4j-core-2.13.3.jar;E:\important Path\apache-maven-3.6.1\mvn_repo\org\apache\logging\log4j\log4j-jul\2.13.3\log4j-jul-2.13.3.jar;E:\important Path\apache-maven-3.6.1\mvn_repo\org\slf4j\jul-to-slf4j\1.7.30\jul-to-slf4j-1.7.30.jar;E:\important Path\apache-maven-3.6.1\mvn_repo\org\projectlombok\lombok\1.18.8\lombok-1.18.8.jar;"/>
    <property name="sun.cpu.endian" value="little"/>
    <property name="user.home" value="C:\Users\admin"/>
    <property name="user.language" value="zh"/>
    <property name="java.specification.vendor" value="Oracle Corporation"/>
    <property name="java.home" value="C:\Users\admin\.jdks\corretto-1.8.0_372\jre"/>
    <property name="basedir" value="C:\Users\admin\IdeaProjects\heima-leadnews\heima-leadnews-test\es-init"/>
    <property name="file.separator" value="\"/>
    <property name="line.separator" value="&#10;"/>
    <property name="java.vm.specification.vendor" value="Oracle Corporation"/>
    <property name="java.specification.name" value="Java Platform API Specification"/>
    <property name="java.awt.graphicsenv" value="sun.awt.Win32GraphicsEnvironment"/>
    <property name="surefire.real.class.path" value="C:\Users\admin\AppData\Local\Temp\surefire6379455082393828995\surefirebooter8609638630778008704.jar"/>
    <property name="sun.boot.class.path" value="C:\Users\admin\.jdks\corretto-1.8.0_372\jre\lib\resources.jar;C:\Users\admin\.jdks\corretto-1.8.0_372\jre\lib\rt.jar;C:\Users\admin\.jdks\corretto-1.8.0_372\jre\lib\sunrsasign.jar;C:\Users\admin\.jdks\corretto-1.8.0_372\jre\lib\jsse.jar;C:\Users\admin\.jdks\corretto-1.8.0_372\jre\lib\jce.jar;C:\Users\admin\.jdks\corretto-1.8.0_372\jre\lib\charsets.jar;C:\Users\admin\.jdks\corretto-1.8.0_372\jre\lib\jfr.jar;C:\Users\admin\.jdks\corretto-1.8.0_372\jre\classes"/>
    <property name="user.script" value=""/>
    <property name="sun.management.compiler" value="HotSpot 64-Bit Tiered Compilers"/>
    <property name="java.runtime.version" value="1.8.0_372-b07"/>
    <property name="user.name" value="admin"/>
    <property name="path.separator" value=";"/>
    <property name="os.version" value="10.0"/>
    <property name="java.endorsed.dirs" value="C:\Users\admin\.jdks\corretto-1.8.0_372\jre\lib\endorsed"/>
    <property name="java.runtime.name" value="OpenJDK Runtime Environment"/>
    <property name="file.encoding" value="GBK"/>
    <property name="java.vm.name" value="OpenJDK 64-Bit Server VM"/>
    <property name="localRepository" value="E:\important Path\apache-maven-3.6.1\mvn_repo"/>
    <property name="java.vendor.url.bug" value="https://github.com/corretto/corretto-8/issues/"/>
    <property name="java.io.tmpdir" value="C:\Users\admin\AppData\Local\Temp\"/>
    <property name="idea.version" value="2023.2"/>
    <property name="java.version" value="1.8.0_372"/>
    <property name="user.dir" value="C:\Users\admin\IdeaProjects\heima-leadnews\heima-leadnews-test\es-init"/>
    <property name="os.arch" value="amd64"/>
    <property name="java.vm.specification.name" value="Java Virtual Machine Specification"/>
    <property name="java.awt.printerjob" value="sun.awt.windows.WPrinterJob"/>
    <property name="sun.os.patch.level" value=""/>
    <property name="java.library.path" value="C:\Users\admin\.jdks\corretto-1.8.0_372\jre\bin;C:\Windows\Sun\Java\bin;C:\Windows\system32;C:\Windows;C:\Windows\system32;C:\Windows;C:\Windows\System32\Wbem;C:\Windows\System32\WindowsPowerShell\v1.0\;C:\Windows\System32\OpenSSH\;C:\Program Files (x86)\NVIDIA Corporation\PhysX\Common;E:\important Path\mingw64\bin;C:\Program Files\Microsoft SQL Server\150\Tools\Binn\;C:\Program Files\nodejs\;C:\Users\admin\AppData\Local\Programs\Python\Python310\python.exe;C:\Program Files\MySQL\MySQL Server 8.0\bin;E:\important Path\ffmpeg-6.0-essentials_build\bin;C:\Program Files\Go\bin;C:\Program Files (x86)\NetSarang\Xshell 7\;C:\Program Files\Java\jdk-11.0.15.1\bin;E:\important Path\apache-maven-3.6.1\bin;C:\Program Files\Git\cmd;E:\微信web开发者工具\dll;E:\important Path\Redis-x64-3.0.504;C:\Users\admin\AppData\Local\Programs\Python\Python310\Scripts\;C:\Users\admin\AppData\Local\Programs\Python\Python310\;C:\Users\admin\AppData\Local\Microsoft\WindowsApps;E:\Microsoft VS Code\bin;E:\PyCharm Community Edition 2022.3.2\bin;C:\Users\admin\AppData\Roaming\npm;E:\Fiddler;E:\IntelliJ IDEA Community Edition 2022.3.2\bin;;C:\Users\admin\go\bin;C:\Program Files\JetBrains\GoLand 2023.1.4\bin;;C:\Program Files\JetBrains\DataGrip 2023.1.2\bin;;C:\Users\admin\AppData\Local\GitHubDesktop\bin;C:\Program Files\JetBrains\WebStorm 2023.2\bin;;C:\Program Files\JetBrains\IntelliJ IDEA 2023.2\bin;;C:\Program Files\JetBrains\CLion 2023.2.1\bin;;."/>
    <property name="java.vm.info" value="mixed mode"/>
    <property name="java.vendor" value="Amazon.com Inc."/>
    <property name="java.vm.version" value="25.372-b07"/>
    <property name="java.specification.maintenance.version" value="4"/>
    <property name="java.ext.dirs" value="C:\Users\admin\.jdks\corretto-1.8.0_372\jre\lib\ext;C:\Windows\Sun\Java\lib\ext"/>
    <property name="sun.io.unicode.encoding" value="UnicodeLittle"/>
    <property name="java.class.version" value="52.0"/>
  </properties>
  <testcase name="init" classname="com.heima.es.ApArticleTest" time="1.562"/>
</testsuite>